<?xml version="1.0" encoding="UTF-8"?>
<coverage generated="1647185504011" clover="3.2.0">
  <project timestamp="1647185504012" name="All files">
    <metrics statements="45" coveredstatements="39" conditionals="14" coveredconditionals="14" methods="9" coveredmethods="8" elements="68" coveredelements="61" complexity="0" loc="45" ncloc="45" packages="1" files="1" classes="1"/>
    <file name="LinkedList.js" path="F:\Javascript\data structures\New folder\LinkedList.js">
      <metrics statements="45" coveredstatements="39" conditionals="14" coveredconditionals="14" methods="9" coveredmethods="8"/>
      <line num="3" count="16" type="stmt"/>
      <line num="4" count="16" type="stmt"/>
      <line num="7" count="16" type="stmt"/>
      <line num="8" count="51" type="stmt"/>
      <line num="9" count="51" type="stmt"/>
      <line num="10" count="51" type="stmt"/>
      <line num="13" count="16" type="stmt"/>
      <line num="14" count="18" type="cond" truecount="4" falsecount="0"/>
      <line num="16" count="11" type="stmt"/>
      <line num="18" count="11" type="stmt"/>
      <line num="19" count="20" type="stmt"/>
      <line num="22" count="11" type="stmt"/>
      <line num="25" count="16" type="stmt"/>
      <line num="26" count="0" type="stmt"/>
      <line num="27" count="0" type="stmt"/>
      <line num="29" count="0" type="stmt"/>
      <line num="30" count="0" type="stmt"/>
      <line num="31" count="0" type="stmt"/>
      <line num="33" count="0" type="stmt"/>
      <line num="36" count="16" type="stmt"/>
      <line num="38" count="5" type="cond" truecount="2" falsecount="0"/>
      <line num="40" count="4" type="stmt"/>
      <line num="42" count="4" type="cond" truecount="2" falsecount="0"/>
      <line num="44" count="2" type="stmt"/>
      <line num="46" count="2" type="stmt"/>
      <line num="49" count="16" type="stmt"/>
      <line num="50" count="2" type="stmt"/>
      <line num="52" count="2" type="stmt"/>
      <line num="55" count="16" type="stmt"/>
      <line num="56" count="5" type="cond" truecount="2" falsecount="0"/>
      <line num="58" count="4" type="stmt"/>
      <line num="60" count="4" type="cond" truecount="2" falsecount="0"/>
      <line num="62" count="2" type="stmt"/>
      <line num="64" count="2" type="cond" truecount="2" falsecount="0"/>
      <line num="65" count="1" type="stmt"/>
      <line num="68" count="2" type="stmt"/>
      <line num="70" count="2" type="stmt"/>
      <line num="76" count="53" type="stmt"/>
      <line num="77" count="53" type="stmt"/>
      <line num="81" count="1" type="stmt"/>
      <line num="82" count="15" type="stmt"/>
      <line num="83" count="15" type="stmt"/>
      <line num="84" count="48" type="stmt"/>
      <line num="86" count="15" type="stmt"/>
      <line num="89" count="1" type="stmt"/>
    </file>
  </project>
</coverage>
