{"F:\\Javascript\\data structures\\New folder\\LinkedList.js": {"path":"F:\\Javascript\\data structures\\New folder\\LinkedList.js","statementMap":{"0":{"start":{"line":3,"column":4},"end":{"line":3,"column":21}},"1":{"start":{"line":4,"column":4},"end":{"line":4,"column":20}},"2":{"start":{"line":7,"column":17},"end":{"line":11,"column":3}},"3":{"start":{"line":8,"column":20},"end":{"line":8,"column":55}},"4":{"start":{"line":9,"column":4},"end":{"line":9,"column":24}},"5":{"start":{"line":10,"column":4},"end":{"line":10,"column":18}},"6":{"start":{"line":13,"column":15},"end":{"line":23,"column":3}},"7":{"start":{"line":14,"column":4},"end":{"line":14,"column":55}},"8":{"start":{"line":14,"column":43},"end":{"line":14,"column":55}},"9":{"start":{"line":16,"column":18},"end":{"line":16,"column":27}},"10":{"start":{"line":18,"column":4},"end":{"line":20,"column":5}},"11":{"start":{"line":18,"column":17},"end":{"line":18,"column":18}},"12":{"start":{"line":19,"column":6},"end":{"line":19,"column":29}},"13":{"start":{"line":22,"column":4},"end":{"line":22,"column":19}},"14":{"start":{"line":25,"column":20},"end":{"line":34,"column":3}},"15":{"start":{"line":26,"column":17},"end":{"line":26,"column":19}},"16":{"start":{"line":27,"column":18},"end":{"line":27,"column":27}},"17":{"start":{"line":29,"column":4},"end":{"line":32,"column":5}},"18":{"start":{"line":30,"column":6},"end":{"line":30,"column":46}},"19":{"start":{"line":31,"column":6},"end":{"line":31,"column":29}},"20":{"start":{"line":33,"column":4},"end":{"line":33,"column":33}},"21":{"start":{"line":36,"column":18},"end":{"line":47,"column":3}},"22":{"start":{"line":38,"column":4},"end":{"line":38,"column":52}},"23":{"start":{"line":38,"column":21},"end":{"line":38,"column":52}},"24":{"start":{"line":40,"column":17},"end":{"line":40,"column":43}},"25":{"start":{"line":42,"column":4},"end":{"line":42,"column":35}},"26":{"start":{"line":42,"column":23},"end":{"line":42,"column":35}},"27":{"start":{"line":44,"column":4},"end":{"line":44,"column":52}},"28":{"start":{"line":46,"column":4},"end":{"line":46,"column":18}},"29":{"start":{"line":49,"column":17},"end":{"line":53,"column":3}},"30":{"start":{"line":50,"column":4},"end":{"line":50,"column":31}},"31":{"start":{"line":52,"column":4},"end":{"line":52,"column":18}},"32":{"start":{"line":55,"column":18},"end":{"line":71,"column":3}},"33":{"start":{"line":56,"column":4},"end":{"line":56,"column":48}},"34":{"start":{"line":56,"column":21},"end":{"line":56,"column":48}},"35":{"start":{"line":58,"column":17},"end":{"line":58,"column":43}},"36":{"start":{"line":60,"column":4},"end":{"line":60,"column":35}},"37":{"start":{"line":60,"column":23},"end":{"line":60,"column":35}},"38":{"start":{"line":62,"column":17},"end":{"line":62,"column":39}},"39":{"start":{"line":64,"column":4},"end":{"line":66,"column":5}},"40":{"start":{"line":65,"column":6},"end":{"line":65,"column":24}},"41":{"start":{"line":68,"column":4},"end":{"line":68,"column":26}},"42":{"start":{"line":70,"column":4},"end":{"line":70,"column":18}},"43":{"start":{"line":76,"column":4},"end":{"line":76,"column":21}},"44":{"start":{"line":77,"column":4},"end":{"line":77,"column":21}},"45":{"start":{"line":81,"column":0},"end":{"line":87,"column":2}},"46":{"start":{"line":82,"column":13},"end":{"line":82,"column":29}},"47":{"start":{"line":83,"column":2},"end":{"line":85,"column":3}},"48":{"start":{"line":84,"column":4},"end":{"line":84,"column":31}},"49":{"start":{"line":86,"column":2},"end":{"line":86,"column":12}},"50":{"start":{"line":89,"column":0},"end":{"line":89,"column":28}}},"fnMap":{"0":{"name":"(anonymous_0)","decl":{"start":{"line":2,"column":2},"end":{"line":2,"column":3}},"loc":{"start":{"line":2,"column":16},"end":{"line":5,"column":3}},"line":2},"1":{"name":"(anonymous_1)","decl":{"start":{"line":7,"column":17},"end":{"line":7,"column":18}},"loc":{"start":{"line":7,"column":27},"end":{"line":11,"column":3}},"line":7},"2":{"name":"(anonymous_2)","decl":{"start":{"line":13,"column":15},"end":{"line":13,"column":16}},"loc":{"start":{"line":13,"column":26},"end":{"line":23,"column":3}},"line":13},"3":{"name":"(anonymous_3)","decl":{"start":{"line":25,"column":20},"end":{"line":25,"column":21}},"loc":{"start":{"line":25,"column":26},"end":{"line":34,"column":3}},"line":25},"4":{"name":"(anonymous_4)","decl":{"start":{"line":36,"column":18},"end":{"line":36,"column":19}},"loc":{"start":{"line":36,"column":35},"end":{"line":47,"column":3}},"line":36},"5":{"name":"(anonymous_5)","decl":{"start":{"line":49,"column":17},"end":{"line":49,"column":18}},"loc":{"start":{"line":49,"column":23},"end":{"line":53,"column":3}},"line":49},"6":{"name":"(anonymous_6)","decl":{"start":{"line":55,"column":18},"end":{"line":55,"column":19}},"loc":{"start":{"line":55,"column":29},"end":{"line":71,"column":3}},"line":55},"7":{"name":"(anonymous_7)","decl":{"start":{"line":75,"column":2},"end":{"line":75,"column":3}},"loc":{"start":{"line":75,"column":26},"end":{"line":78,"column":3}},"line":75},"8":{"name":"(anonymous_8)","decl":{"start":{"line":81,"column":24},"end":{"line":81,"column":25}},"loc":{"start":{"line":81,"column":39},"end":{"line":87,"column":1}},"line":81}},"branchMap":{"0":{"loc":{"start":{"line":14,"column":4},"end":{"line":14,"column":55}},"type":"if","locations":[{"start":{"line":14,"column":4},"end":{"line":14,"column":55}},{"start":{},"end":{}}],"line":14},"1":{"loc":{"start":{"line":14,"column":8},"end":{"line":14,"column":41}},"type":"binary-expr","locations":[{"start":{"line":14,"column":8},"end":{"line":14,"column":17}},{"start":{"line":14,"column":21},"end":{"line":14,"column":41}}],"line":14},"2":{"loc":{"start":{"line":38,"column":4},"end":{"line":38,"column":52}},"type":"if","locations":[{"start":{"line":38,"column":4},"end":{"line":38,"column":52}},{"start":{},"end":{}}],"line":38},"3":{"loc":{"start":{"line":42,"column":4},"end":{"line":42,"column":35}},"type":"if","locations":[{"start":{"line":42,"column":4},"end":{"line":42,"column":35}},{"start":{},"end":{}}],"line":42},"4":{"loc":{"start":{"line":56,"column":4},"end":{"line":56,"column":48}},"type":"if","locations":[{"start":{"line":56,"column":4},"end":{"line":56,"column":48}},{"start":{},"end":{}}],"line":56},"5":{"loc":{"start":{"line":60,"column":4},"end":{"line":60,"column":35}},"type":"if","locations":[{"start":{"line":60,"column":4},"end":{"line":60,"column":35}},{"start":{},"end":{}}],"line":60},"6":{"loc":{"start":{"line":64,"column":4},"end":{"line":66,"column":5}},"type":"if","locations":[{"start":{"line":64,"column":4},"end":{"line":66,"column":5}},{"start":{},"end":{}}],"line":64}},"s":{"0":16,"1":16,"2":16,"3":51,"4":51,"5":51,"6":16,"7":18,"8":7,"9":11,"10":11,"11":11,"12":20,"13":11,"14":16,"15":0,"16":0,"17":0,"18":0,"19":0,"20":0,"21":16,"22":5,"23":1,"24":4,"25":4,"26":2,"27":2,"28":2,"29":16,"30":2,"31":2,"32":16,"33":5,"34":1,"35":4,"36":4,"37":2,"38":2,"39":2,"40":1,"41":2,"42":2,"43":53,"44":53,"45":1,"46":15,"47":15,"48":48,"49":15,"50":1},"f":{"0":16,"1":51,"2":18,"3":0,"4":5,"5":2,"6":5,"7":53,"8":15},"b":{"0":[7,11],"1":[18,15],"2":[1,4],"3":[2,2],"4":[1,4],"5":[2,2],"6":[1,1]},"_coverageSchema":"1a1c01bbd47fc00a2c39e90264f33305004495a9","hash":"c15413f5cfc3e4bcfea61d6579608284fe077eb7"}
}
