TN:
SF:LinkedList.js
FN:2,(anonymous_0)
FN:7,(anonymous_1)
FN:13,(anonymous_2)
FN:25,(anonymous_3)
FN:36,(anonymous_4)
FN:49,(anonymous_5)
FN:55,(anonymous_6)
FN:75,(anonymous_7)
FN:81,(anonymous_8)
FNF:9
FNH:8
FNDA:16,(anonymous_0)
FNDA:51,(anonymous_1)
FNDA:18,(anonymous_2)
FNDA:0,(anonymous_3)
FNDA:5,(anonymous_4)
FNDA:2,(anonymous_5)
FNDA:5,(anonymous_6)
FNDA:53,(anonymous_7)
FNDA:15,(anonymous_8)
DA:3,16
DA:4,16
DA:7,16
DA:8,51
DA:9,51
DA:10,51
DA:13,16
DA:14,18
DA:16,11
DA:18,11
DA:19,20
DA:22,11
DA:25,16
DA:26,0
DA:27,0
DA:29,0
DA:30,0
DA:31,0
DA:33,0
DA:36,16
DA:38,5
DA:40,4
DA:42,4
DA:44,2
DA:46,2
DA:49,16
DA:50,2
DA:52,2
DA:55,16
DA:56,5
DA:58,4
DA:60,4
DA:62,2
DA:64,2
DA:65,1
DA:68,2
DA:70,2
DA:76,53
DA:77,53
DA:81,1
DA:82,15
DA:83,15
DA:84,48
DA:86,15
DA:89,1
LF:45
LH:39
BRDA:14,0,0,7
BRDA:14,0,1,11
BRDA:14,1,0,18
BRDA:14,1,1,15
BRDA:38,2,0,1
BRDA:38,2,1,4
BRDA:42,3,0,2
BRDA:42,3,1,2
BRDA:56,4,0,1
BRDA:56,4,1,4
BRDA:60,5,0,2
BRDA:60,5,1,2
BRDA:64,6,0,1
BRDA:64,6,1,1
BRF:14
BRH:14
end_of_record
